<?xml version="1.0" encoding="UTF-8"?>
<!-- Generated by org.testng.reporters.JUnitXMLReporter -->
<testsuite hostname="DESKTOP-1JFO5LO" ignored="0" name="Test" tests="3" failures="0" timestamp="15 Feb 2020 06:19:21 GMT" time="103.749" errors="0">
  <testcase name="testValidLogin" time="23.706" classname="script.ValidLogin_Test"/>
  <testcase name="testInvalidLogin" time="18.336" classname="script.InvalidLogin_Test"/>
  <testcase name="testProductVerson" time="9.055" classname="script.VerifyProductVersion_Test"/>
</testsuite> <!-- Test -->
