<?xml version="1.0" encoding="UTF-8"?>
<!-- Generated by org.testng.reporters.JUnitXMLReporter -->
<testsuite hostname="BLRIDC30195282" name="Test" tests="3" failures="0" timestamp="25 Nov 2018 02:29:40 GMT" time="68.273" errors="0">
  <testcase name="testValidLogin" time="7.477" classname="script.ValidLogin_Test"/>
  <testcase name="testProductVerson" time="7.829" classname="script.VerifyProductVersion_Test"/>
  <testcase name="testInvalidLogin" time="19.213" classname="script.InvalidLogin_Test"/>
</testsuite> <!-- Test -->
