<?xml version="1.0" encoding="UTF-8"?>
<!-- Generated by org.testng.reporters.JUnitXMLReporter -->
<testsuite hostname="BLRIDC30195282" name="Test" tests="3" failures="0" timestamp="11 Oct 2018 08:38:13 GMT" time="73.162" errors="0">
  <testcase name="testValidLogin" time="7.979" classname="script.ValidLogin_Test"/>
  <testcase name="testProductVerson" time="7.016" classname="script.VerifyProductVersion_Test"/>
  <testcase name="testInvalidLogin" time="17.657" classname="script.InvalidLogin_Test"/>
</testsuite> <!-- Test -->
