<?xml version="1.0" encoding="UTF-8"?>
<testsuite xmlns:xsi="http://www.w3.org/2001/XMLSchema-instance" xsi:schemaLocation="https://maven.apache.org/surefire/maven-surefire-plugin/xsd/surefire-test-report.xsd" name="TestSuite" time="74.524" tests="3" errors="0" skipped="0" failures="0">
  <properties>
[...]
</properties>
  <testcase name="testValidLogin" classname="script.ValidLogin_Test" time="7.984"/>
  <testcase name="testProductVerson" classname="script.VerifyProductVersion_Test" time="7.015"/>
  <testcase name="testInvalidLogin" classname="script.InvalidLogin_Test" time="17.657"/>
</testsuite>