<?xml version="1.0" encoding="UTF-8"?>
<testsuite xmlns:xsi="http://www.w3.org/2001/XMLSchema-instance" xsi:noNamespaceSchemaLocation="https://maven.apache.org/surefire/maven-surefire-plugin/xsd/surefire-test-report.xsd" name="TestSuite" time="64.899" tests="9" errors="0" skipped="5" failures="4">
  <properties>
[...]
</properties>
  <testcase name="openApp" classname="script.ValidLogin_Test" time="61.687">
    <failure message="Timed out waiting for driver server to start.&#10;Build info: version: &apos;4.0.0-alpha-3&apos;, revision: &apos;8c567de6dc&apos;&#10;System info: host: &apos;DESKTOP-1JFO5LO&apos;, ip: &apos;192.168.43.42&apos;, os.name: &apos;Windows 10&apos;, os.arch: &apos;amd64&apos;, os.version: &apos;10.0&apos;, java.version: &apos;1.8.0_211&apos;&#10;Driver info: driver.version: ChromeDriver" type="org.openqa.selenium.WebDriverException">org.openqa.selenium.WebDriverException: 
Timed out waiting for driver server to start.
Build info: version: '4.0.0-alpha-3', revision: '8c567de6dc'
System info: host: 'DESKTOP-1JFO5LO', ip: '192.168.43.42', os.name: 'Windows 10', os.arch: 'amd64', os.version: '10.0', java.version: '1.8.0_211'
Driver info: driver.version: ChromeDriver
Caused by: org.openqa.selenium.net.UrlChecker$TimeoutException: Timed out waiting for [http://localhost:5245/status] to be available after 20003 ms
Caused by: java.util.concurrent.TimeoutException
</failure>
  </testcase>
  <testcase name="testValidLogin" classname="script.ValidLogin_Test" time="0">
    <skipped/>
  </testcase>
  <testcase name="closeApp" classname="script.ValidLogin_Test" time="0.4">
    <failure type="java.lang.NullPointerException">java.lang.NullPointerException
</failure>
    <system-out><![CDATA[testValidLogin is FAILED
]]></system-out>
  </testcase>
  <testcase name="openApp" classname="script.VerifyProductVersion_Test" time="0">
    <skipped/>
  </testcase>
  <testcase name="testProductVerson" classname="script.VerifyProductVersion_Test" time="0">
    <skipped/>
  </testcase>
  <testcase name="closeApp" classname="script.VerifyProductVersion_Test" time="0.003">
    <failure type="java.lang.NullPointerException">java.lang.NullPointerException
</failure>
    <system-out><![CDATA[testProductVerson is FAILED
]]></system-out>
  </testcase>
  <testcase name="openApp" classname="script.InvalidLogin_Test" time="0">
    <skipped/>
  </testcase>
  <testcase name="testInvalidLogin" classname="script.InvalidLogin_Test" time="0">
    <skipped/>
  </testcase>
  <testcase name="closeApp" classname="script.InvalidLogin_Test" time="0.003">
    <failure type="java.lang.NullPointerException">java.lang.NullPointerException
</failure>
    <system-out><![CDATA[testInvalidLogin is FAILED
]]></system-out>
  </testcase>
</testsuite>